<?xml version="1.0" encoding="UTF-8"?>
<!-- Generated by org.testng.reporters.JUnitXMLReporter -->
<testsuite hostname="M4708787" ignored="0" name="Command line test" tests="1" failures="1" timestamp="24 Jul 2020 14:58:08 GMT" time="2.418" errors="0">
  <testcase name="setUp" time="2.4" classname="com.quantInsti.base.TestBase">
    <failure type="java.lang.IllegalStateException" message="The driver executable does not exist: C:\src\test\resources\executables\chromedriver.exe">
      <![CDATA[java.lang.IllegalStateException: The driver executable does not exist: C:\src\test\resources\executables\chromedriver.exe
	at com.google.common.base.Preconditions.checkState(Preconditions.java:585)
	at org.openqa.selenium.remote.service.DriverService.checkExecutable(DriverService.java:137)
	at org.openqa.selenium.remote.service.DriverService.findExecutable(DriverService.java:132)
	at org.openqa.selenium.chrome.ChromeDriverService.access$000(ChromeDriverService.java:35)
	at org.openqa.selenium.chrome.ChromeDriverService$Builder.findDefaultExecutable(ChromeDriverService.java:156)
	at org.openqa.selenium.remote.service.DriverService$Builder.build(DriverService.java:346)
	at org.openqa.selenium.chrome.ChromeDriverService.createDefaultService(ChromeDriverService.java:91)
	at org.openqa.selenium.chrome.ChromeDriver.<init>(ChromeDriver.java:123)
	at com.quantInsti.base.TestBase.setUp(TestBase.java:24)
... Removed 34 stack frames]]>
    </failure>
  </testcase> <!-- setUp -->
</testsuite> <!-- Command line test -->
